<?xml version="1.0" encoding="UTF-8"?>
<testsuite xmlns:xsi="http://www.w3.org/2001/XMLSchema-instance" xsi:noNamespaceSchemaLocation="https://maven.apache.org/surefire/maven-surefire-plugin/xsd/surefire-test-report-3.0.xsd" version="3.0" name="com.yourorg.eventdashboard.shared.SecurityConfigTest" time="1.473" tests="7" errors="0" skipped="0" failures="0">
  <properties>
[...]
</properties>
  <testcase name="subscriptionEndpoint_isNotBlockedBySecurity" classname="com.yourorg.eventdashboard.shared.SecurityConfigTest" time="0.157">
    <system-out><![CDATA[2026-04-30T15:11:41.769-04:00  INFO 73031 --- [           main] t.c.s.AnnotationConfigContextLoaderUtils : Could not detect default configuration classes for test class [com.yourorg.eventdashboard.shared.SecurityConfigTest]: SecurityConfigTest does not declare any static, non-private, non-final, nested classes annotated with @Configuration.
2026-04-30T15:11:41.787-04:00  INFO 73031 --- [           main] .b.t.c.SpringBootTestContextBootstrapper : Found @SpringBootConfiguration com.yourorg.eventdashboard.EventDashboardApplication for test class com.yourorg.eventdashboard.shared.SecurityConfigTest

  .   ____          _            __ _ _
 /\\ / ___'_ __ _ _(_)_ __  __ _ \ \ \ \
( ( )\___ | '_ | '_| | '_ \/ _` | \ \ \ \
 \\/  ___)| |_)| | | | | || (_| |  ) ) ) )
  '  |____| .__|_| |_|_| |_\__, | / / / /
 =========|_|==============|___/=/_/_/_/

 :: Spring Boot ::                (v3.3.5)

2026-04-30T15:11:41.799-04:00  INFO 73031 --- [           main] c.y.e.shared.SecurityConfigTest          : Starting SecurityConfigTest using Java 21.0.7 with PID 73031 (started by bmullin in /Users/bmullin/projects/aiProjects/aiCEB/backend)
2026-04-30T15:11:41.799-04:00  INFO 73031 --- [           main] c.y.e.shared.SecurityConfigTest          : The following 2 profiles are active: "test", "mock"
2026-04-30T15:11:41.889-04:00  INFO 73031 --- [           main] .s.d.r.c.RepositoryConfigurationDelegate : Bootstrapping Spring Data JPA repositories in DEFAULT mode.
2026-04-30T15:11:41.897-04:00  INFO 73031 --- [           main] .s.d.r.c.RepositoryConfigurationDelegate : Finished Spring Data repository scanning in 7 ms. Found 4 JPA repository interfaces.
2026-04-30T15:11:42.029-04:00  INFO 73031 --- [           main] com.zaxxer.hikari.HikariDataSource       : HikariPool-2 - Starting...
2026-04-30T15:11:42.029-04:00  INFO 73031 --- [           main] com.zaxxer.hikari.pool.HikariPool        : HikariPool-2 - Added connection conn10: url=jdbc:h2:mem:testdb user=SA
2026-04-30T15:11:42.030-04:00  INFO 73031 --- [           main] com.zaxxer.hikari.HikariDataSource       : HikariPool-2 - Start completed.
2026-04-30T15:11:42.031-04:00  INFO 73031 --- [           main] org.flywaydb.core.FlywayExecutor         : Database: jdbc:h2:mem:testdb (H2 2.2)
2026-04-30T15:11:42.032-04:00  WARN 73031 --- [           main] o.f.c.internal.database.base.Database    : Flyway upgrade recommended: H2 2.2.224 is newer than this version of Flyway and support has not been tested. The latest supported version of H2 is 2.2.220.
2026-04-30T15:11:42.035-04:00  INFO 73031 --- [           main] o.f.core.internal.command.DbValidate     : Successfully validated 6 migrations (execution time 00:00.003s)
2026-04-30T15:11:42.037-04:00  INFO 73031 --- [           main] o.f.core.internal.command.DbMigrate      : Current version of schema "public": 6
2026-04-30T15:11:42.038-04:00  INFO 73031 --- [           main] o.f.core.internal.command.DbMigrate      : Schema "public" is up to date. No migration necessary.
2026-04-30T15:11:42.066-04:00  INFO 73031 --- [           main] o.hibernate.jpa.internal.util.LogHelper  : HHH000204: Processing PersistenceUnitInfo [name: default]
2026-04-30T15:11:42.067-04:00  INFO 73031 --- [           main] o.h.c.internal.RegionFactoryInitiator    : HHH000026: Second-level cache disabled
2026-04-30T15:11:42.072-04:00  INFO 73031 --- [           main] o.s.o.j.p.SpringPersistenceUnitInfo      : No LoadTimeWeaver setup: ignoring JPA class transformer
2026-04-30T15:11:42.073-04:00  WARN 73031 --- [           main] org.hibernate.orm.deprecation            : HHH90000025: H2Dialect does not need to be specified explicitly using 'hibernate.dialect' (remove the property setting and it will be selected by default)
2026-04-30T15:11:42.138-04:00  INFO 73031 --- [           main] o.h.e.t.j.p.i.JtaPlatformInitiator       : HHH000489: No JTA platform available (set 'hibernate.transaction.jta.platform' to enable JTA platform integration)
2026-04-30T15:11:42.138-04:00  INFO 73031 --- [           main] j.LocalContainerEntityManagerFactoryBean : Initialized JPA EntityManagerFactory for persistence unit 'default'
2026-04-30T15:11:42.157-04:00  INFO 73031 --- [           main] eAuthenticationProviderManagerConfigurer : Global AuthenticationManager configured with AuthenticationProvider bean with name daoAuthenticationProvider
2026-04-30T15:11:42.157-04:00  WARN 73031 --- [           main] r$InitializeUserDetailsManagerConfigurer : Global AuthenticationManager configured with an AuthenticationProvider bean. UserDetailsService beans will not be used for username/password login. Consider removing the AuthenticationProvider bean. Alternatively, consider using the UserDetailsService in a manually instantiated DaoAuthenticationProvider.
2026-04-30T15:11:42.230-04:00  WARN 73031 --- [           main] JpaBaseConfiguration$JpaWebConfiguration : spring.jpa.open-in-view is enabled by default. Therefore, database queries may be performed during view rendering. Explicitly configure spring.jpa.open-in-view to disable this warning
2026-04-30T15:11:42.447-04:00  INFO 73031 --- [           main] o.s.b.t.m.w.SpringBootMockServletContext : Initializing Spring TestDispatcherServlet ''
2026-04-30T15:11:42.447-04:00  INFO 73031 --- [           main] o.s.t.web.servlet.TestDispatcherServlet  : Initializing Servlet ''
2026-04-30T15:11:42.448-04:00  INFO 73031 --- [           main] o.s.t.web.servlet.TestDispatcherServlet  : Completed initialization in 1 ms
2026-04-30T15:11:42.453-04:00  INFO 73031 --- [           main] c.y.e.shared.SecurityConfigTest          : Started SecurityConfigTest in 0.664 seconds (process running for 4.854)
2026-04-30T15:11:42.456-04:00  INFO 73031 --- [   scheduling-1] c.y.e.n.NotificationScheduler            : Scheduler run: checking 0 events for reminders
2026-04-30T15:11:42.456-04:00  INFO 73031 --- [   scheduling-1] c.y.e.n.NotificationScheduler            : Scheduler run complete: 0 sent, 0 skipped, 0 failed
2026-04-30T15:11:42.611-04:00  WARN 73031 --- [           main] c.y.eventdashboard.shared.MdcFilter      : Request completed
]]></system-out>
  </testcase>
  <testcase name="adminEndpoint_returns401_withoutToken" classname="com.yourorg.eventdashboard.shared.SecurityConfigTest" time="0.093"/>
  <testcase name="adminEndpoint_returns401_withMalformedToken" classname="com.yourorg.eventdashboard.shared.SecurityConfigTest" time="0.13"/>
  <testcase name="adminEndpoint_isAccessible_withValidAdminJwt" classname="com.yourorg.eventdashboard.shared.SecurityConfigTest" time="0.11">
    <system-out><![CDATA[2026-04-30T15:11:42.946-04:00  WARN 73031 --- [           main] c.y.eventdashboard.shared.MdcFilter      : Request completed
]]></system-out>
  </testcase>
  <testcase name="adminEndpoint_returns401_withExpiredToken" classname="com.yourorg.eventdashboard.shared.SecurityConfigTest" time="0.097"/>
  <testcase name="publicCategoriesEndpoint_isNotBlockedBySecurity" classname="com.yourorg.eventdashboard.shared.SecurityConfigTest" time="0.097">
    <system-out><![CDATA[2026-04-30T15:11:43.141-04:00  WARN 73031 --- [           main] c.y.eventdashboard.shared.MdcFilter      : Request completed
]]></system-out>
  </testcase>
  <testcase name="publicEventEndpoint_isNotBlockedBySecurity" classname="com.yourorg.eventdashboard.shared.SecurityConfigTest" time="0.098">
    <system-out><![CDATA[2026-04-30T15:11:43.239-04:00  WARN 73031 --- [           main] c.y.eventdashboard.shared.MdcFilter      : Request completed
]]></system-out>
  </testcase>
</testsuite>